c:\users\enbai\onedrive\desktop\css535\labn\gemv_cuda\x64\debug\kernel.cu.obj
c:\users\enbai\onedrive\desktop\css535\labn\gemv_cuda\x64\debug\part1.cu.obj
c:\users\savan\onedrive\desktop\programming\535hw\labn\gemv_cuda\x64\debug\gemv_cuda.lib
c:\users\savan\onedrive\desktop\programming\535hw\labn\gemv_cuda\x64\debug\gemv_cuda.exp
c:\users\savan\onedrive\desktop\programming\535hw\labn\gemv_cuda\x64\debug\gemv_cuda.exe
c:\users\savan\onedrive\desktop\programming\535hw\labn\gemv_cuda\x64\debug\gemv_cuda.ilk
c:\users\savan\onedrive\desktop\programming\535hw\labn\gemv_cuda\x64\debug\gemv_cuda.pdb
c:\users\enbai\onedrive\desktop\css535\labn\gemv_cuda\x64\debug\kernel.cu.cache
c:\users\enbai\onedrive\desktop\css535\labn\gemv_cuda\x64\debug\part1.cu.cache
c:\users\enbai\onedrive\desktop\css535\labn\gemv_cuda\x64\debug\gemv_cuda.exp
c:\users\enbai\onedrive\desktop\css535\labn\gemv_cuda\x64\debug\gemv_cuda.pdb
c:\users\enbai\onedrive\desktop\css535\labn\gemv_cuda\x64\debug\vc143.pdb
c:\users\enbai\onedrive\desktop\css535\labn\gemv_cuda\x64\debug\gemv_cuda.tlog\cudacompile.read.1u.tlog
c:\users\enbai\onedrive\desktop\css535\labn\gemv_cuda\x64\debug\gemv_cuda.tlog\cudacompile.write.1u.tlog
c:\users\enbai\onedrive\desktop\css535\labn\gemv_cuda\x64\debug\gemv_cuda.tlog\link-cvtres.read.1.tlog
c:\users\enbai\onedrive\desktop\css535\labn\gemv_cuda\x64\debug\gemv_cuda.tlog\link-cvtres.write.1.tlog
c:\users\enbai\onedrive\desktop\css535\labn\gemv_cuda\x64\debug\gemv_cuda.tlog\link-rc.read.1.tlog
c:\users\enbai\onedrive\desktop\css535\labn\gemv_cuda\x64\debug\gemv_cuda.tlog\link-rc.write.1.tlog
c:\users\enbai\onedrive\desktop\css535\labn\gemv_cuda\x64\debug\gemv_cuda.tlog\link.command.1.tlog
c:\users\enbai\onedrive\desktop\css535\labn\gemv_cuda\x64\debug\gemv_cuda.tlog\link.delete.1.tlog
c:\users\enbai\onedrive\desktop\css535\labn\gemv_cuda\x64\debug\gemv_cuda.tlog\link.read.1.tlog
c:\users\enbai\onedrive\desktop\css535\labn\gemv_cuda\x64\debug\gemv_cuda.tlog\link.read.2.tlog
c:\users\enbai\onedrive\desktop\css535\labn\gemv_cuda\x64\debug\gemv_cuda.tlog\link.read.3.tlog
c:\users\enbai\onedrive\desktop\css535\labn\gemv_cuda\x64\debug\gemv_cuda.tlog\link.read.4.tlog
c:\users\enbai\onedrive\desktop\css535\labn\gemv_cuda\x64\debug\gemv_cuda.tlog\link.read.5.tlog
c:\users\enbai\onedrive\desktop\css535\labn\gemv_cuda\x64\debug\gemv_cuda.tlog\link.write.1.tlog
c:\users\enbai\onedrive\desktop\css535\labn\gemv_cuda\x64\debug\gemv_cuda.tlog\link.write.2u.tlog
